app/manifest-merger-release-report.txt
-- Merging decision tree log ---
manifest
ADDED from AndroidManifest.xml:2:1
	xmlns:android
		ADDED from AndroidManifest.xml:2:11
	package
		ADDED from AndroidManifest.xml:3:5
		INJECTED from AndroidManifest.xml:0:0
		INJECTED from AndroidManifest.xml:0:0
	android:versionName
		INJECTED from AndroidManifest.xml:0:0
		INJECTED from AndroidManifest.xml:0:0
	android:versionCode
		INJECTED from AndroidManifest.xml:0:0
		INJECTED from AndroidManifest.xml:0:0
uses-sdk
ADDED from AndroidManifest.xml:5:5
MERGED from com.google.android.gms:play-services:5.0.89:15:5
MERGED from com.android.support:support-v4:20.0.0:16:5
MERGED from com.android.support:support-v4:20.0.0:16:5
MERGED from com.helpshift:android-aar:3.8.0:7:5
	android:targetSdkVersion
		ADDED from AndroidManifest.xml:7:9
		INJECTED from AndroidManifest.xml:0:0
		INJECTED from AndroidManifest.xml:0:0
	android:minSdkVersion
		ADDED from AndroidManifest.xml:6:9
		INJECTED from AndroidManifest.xml:0:0
		INJECTED from AndroidManifest.xml:0:0
application
ADDED from AndroidManifest.xml:9:5
MERGED from com.google.android.gms:play-services:5.0.89:16:5
MERGED from com.android.support:support-v4:20.0.0:17:5
MERGED from com.android.support:support-v4:20.0.0:17:5
MERGED from com.helpshift:android-aar:3.8.0:15:5
	android:label
		ADDED from AndroidManifest.xml:13:9
	android:allowBackup
		ADDED from AndroidManifest.xml:11:9
	android:icon
		ADDED from AndroidManifest.xml:12:9
	android:theme
		ADDED from AndroidManifest.xml:14:9
	android:name
		ADDED from AndroidManifest.xml:10:9
activity#ecxtrack.LoginActivity
ADDED from AndroidManifest.xml:15:9
	android:windowSoftInputMode
		ADDED from AndroidManifest.xml:18:13
	android:label
		ADDED from AndroidManifest.xml:17:13
	android:theme
		ADDED from AndroidManifest.xml:19:13
	android:name
		ADDED from AndroidManifest.xml:16:13
intent-filter#android.intent.action.MAIN+android.intent.category.LAUNCHER
ADDED from AndroidManifest.xml:20:13
action#android.intent.action.MAIN
ADDED from AndroidManifest.xml:21:17
	android:name
		ADDED from AndroidManifest.xml:21:25
category#android.intent.category.LAUNCHER
ADDED from AndroidManifest.xml:23:17
	android:name
		ADDED from AndroidManifest.xml:23:27
activity#ecxtrack.Main
ADDED from AndroidManifest.xml:26:9
	android:screenOrientation
		ADDED from AndroidManifest.xml:29:13
	android:label
		ADDED from AndroidManifest.xml:28:13
	android:name
		ADDED from AndroidManifest.xml:27:13
activity#ecxtrack.Map
ADDED from AndroidManifest.xml:31:9
	android:label
		ADDED from AndroidManifest.xml:33:13
	android:name
		ADDED from AndroidManifest.xml:32:13
meta-data#com.google.android.gms.version
ADDED from AndroidManifest.xml:36:9
	android:name
		ADDED from AndroidManifest.xml:37:13
	android:value
		ADDED from AndroidManifest.xml:38:13
meta-data#com.google.android.maps.v2.API_KEY
ADDED from AndroidManifest.xml:39:9
	android:name
		ADDED from AndroidManifest.xml:40:13
	android:value
		ADDED from AndroidManifest.xml:41:13
activity#ecxtrack.LoadingAct
ADDED from AndroidManifest.xml:43:9
	android:noHistory
		ADDED from AndroidManifest.xml:47:13
	android:label
		ADDED from AndroidManifest.xml:45:13
	android:theme
		ADDED from AndroidManifest.xml:46:13
	android:name
		ADDED from AndroidManifest.xml:44:13
uses-permission#android.permission.INTERNET
ADDED from AndroidManifest.xml:52:5
MERGED from com.helpshift:android-aar:3.8.0:11:5
	android:name
		ADDED from AndroidManifest.xml:52:22
uses-permission#android.permission.GET_ACCOUNTS
ADDED from AndroidManifest.xml:53:5
	android:name
		ADDED from AndroidManifest.xml:53:22
uses-permission#android.permission.READ_PROFILE
ADDED from AndroidManifest.xml:54:5
	android:name
		ADDED from AndroidManifest.xml:54:22
uses-permission#android.permission.READ_CONTACTS
ADDED from AndroidManifest.xml:55:5
	android:name
		ADDED from AndroidManifest.xml:55:22
uses-permission#android.permission.ACCESS_NETWORK_STATE
ADDED from AndroidManifest.xml:56:5
MERGED from com.helpshift:android-aar:3.8.0:12:5
	android:name
		ADDED from AndroidManifest.xml:56:22
uses-permission#android.permission.WRITE_EXTERNAL_STORAGE
ADDED from AndroidManifest.xml:57:5
MERGED from com.helpshift:android-aar:3.8.0:13:5
	android:name
		ADDED from AndroidManifest.xml:57:22
uses-permission#com.google.android.providers.gsf.permission.READ_GSERVICES
ADDED from AndroidManifest.xml:58:5
	android:name
		ADDED from AndroidManifest.xml:58:22
uses-permission#android.permission.ACCESS_COARSE_LOCATION
ADDED from AndroidManifest.xml:63:5
	android:name
		ADDED from AndroidManifest.xml:63:22
uses-permission#android.permission.ACCESS_FINE_LOCATION
ADDED from AndroidManifest.xml:64:5
	android:name
		ADDED from AndroidManifest.xml:64:22
activity#com.helpshift.HSConversation
ADDED from com.helpshift:android-aar:3.8.0:16:9
	android:label
		ADDED from com.helpshift:android-aar:3.8.0:19:13
	android:configChanges
		ADDED from com.helpshift:android-aar:3.8.0:18:13
	android:theme
		ADDED from com.helpshift:android-aar:3.8.0:20:13
	android:name
		ADDED from com.helpshift:android-aar:3.8.0:17:13
activity#com.helpshift.HSQuestionsList
ADDED from com.helpshift:android-aar:3.8.0:21:9
	android:configChanges
		ADDED from com.helpshift:android-aar:3.8.0:23:13
	android:theme
		ADDED from com.helpshift:android-aar:3.8.0:24:13
	android:name
		ADDED from com.helpshift:android-aar:3.8.0:22:13
activity#com.helpshift.HSQuestion
ADDED from com.helpshift:android-aar:3.8.0:25:9
	android:label
		ADDED from com.helpshift:android-aar:3.8.0:29:13
	android:configChanges
		ADDED from com.helpshift:android-aar:3.8.0:27:13
	android:theme
		ADDED from com.helpshift:android-aar:3.8.0:30:13
	android:hardwareAccelerated
		ADDED from com.helpshift:android-aar:3.8.0:28:13
	android:name
		ADDED from com.helpshift:android-aar:3.8.0:26:13
activity#com.helpshift.HSSection
ADDED from com.helpshift:android-aar:3.8.0:31:9
	android:windowSoftInputMode
		ADDED from com.helpshift:android-aar:3.8.0:36:13
	android:configChanges
		ADDED from com.helpshift:android-aar:3.8.0:33:13
	android:theme
		ADDED from com.helpshift:android-aar:3.8.0:35:13
	android:hardwareAccelerated
		ADDED from com.helpshift:android-aar:3.8.0:34:13
	android:name
		ADDED from com.helpshift:android-aar:3.8.0:32:13
activity#com.helpshift.HSFaqs
ADDED from com.helpshift:android-aar:3.8.0:37:9
	android:windowSoftInputMode
		ADDED from com.helpshift:android-aar:3.8.0:43:13
	android:label
		ADDED from com.helpshift:android-aar:3.8.0:41:13
	android:configChanges
		ADDED from com.helpshift:android-aar:3.8.0:39:13
	android:theme
		ADDED from com.helpshift:android-aar:3.8.0:42:13
	android:hardwareAccelerated
		ADDED from com.helpshift:android-aar:3.8.0:40:13
	android:name
		ADDED from com.helpshift:android-aar:3.8.0:38:13
activity#com.helpshift.HSReview
ADDED from com.helpshift:android-aar:3.8.0:44:9
	android:configChanges
		ADDED from com.helpshift:android-aar:3.8.0:46:13
	android:theme
		ADDED from com.helpshift:android-aar:3.8.0:47:13
	android:name
		ADDED from com.helpshift:android-aar:3.8.0:45:13
activity#com.helpshift.ScreenshotPreviewActivity
ADDED from com.helpshift:android-aar:3.8.0:48:9
	android:configChanges
		ADDED from com.helpshift:android-aar:3.8.0:50:13
	android:theme
		ADDED from com.helpshift:android-aar:3.8.0:51:13
	android:name
		ADDED from com.helpshift:android-aar:3.8.0:49:13
activity#com.helpshift.SearchResultActivity
ADDED from com.helpshift:android-aar:3.8.0:52:9
	android:configChanges
		ADDED from com.helpshift:android-aar:3.8.0:54:13
	android:theme
		ADDED from com.helpshift:android-aar:3.8.0:55:13
	android:name
		ADDED from com.helpshift:android-aar:3.8.0:53:13
service#com.helpshift.HSService
ADDED from com.helpshift:android-aar:3.8.0:57:9
	android:label
		ADDED from com.helpshift:android-aar:3.8.0:59:13
	android:name
		ADDED from com.helpshift:android-aar:3.8.0:58:13
service#com.helpshift.HSRetryService
ADDED from com.helpshift:android-aar:3.8.0:61:9
	android:label
		ADDED from com.helpshift:android-aar:3.8.0:63:13
	android:name
		ADDED from com.helpshift:android-aar:3.8.0:62:13